19-22-43
Start initiflizing
Channel =  10
Signal_level = -42
ESSID = "Mc11_2.4G"

********************************************************
19-25-59
signal_level =  56
Missed_beacon =  0
Swap_used =  0
cross_channel =  1
avg_ping =  71.987
Package_temperature =  63
load average: 0,93, 0,38, 0,49 

********************************************************
19-26-30
signal_level =  57
Missed_beacon =  0
Swap_used =  0
cross_channel =  1
avg_ping =  5.321
Package_temperature =  63
load average: 0,70, 0,38, 0,48 

********************************************************
19-27-27
signal_level =  55
Missed_beacon =  0
Swap_used =  0
cross_channel =  1
avg_ping =  936.227
Package_temperature =  65
load average: 0,65, 0,42, 0,49 

********************************************************
19-27-56
signal_level =  56
Missed_beacon =  0
Swap_used =  0
cross_channel =  1
avg_ping =  15.200
Package_temperature =  62
load average: 0,82, 0,51, 0,51 
